Determining if the pthread_create exist failed with the following output:
Change Dir: /project/uv/myPcl/CMakeFiles/CMakeTmp

Run Build Command:"/usr/bin/make" "cmTC_b89db/fast"
/usr/bin/make -f CMakeFiles/cmTC_b89db.dir/build.make CMakeFiles/cmTC_b89db.dir/build
make[1]: 进入目录“/project/uv/myPcl/CMakeFiles/CMakeTmp”
Building C object CMakeFiles/cmTC_b89db.dir/CheckSymbolExists.c.o
/usr/bin/cc    -o CMakeFiles/cmTC_b89db.dir/CheckSymbolExists.c.o   -c /project/uv/myPcl/CMakeFiles/CMakeTmp/CheckSymbolExists.c
Linking C executable cmTC_b89db
/usr/bin/cmake -E cmake_link_script CMakeFiles/cmTC_b89db.dir/link.txt --verbose=1
/usr/bin/cc      -rdynamic CMakeFiles/cmTC_b89db.dir/CheckSymbolExists.c.o  -o cmTC_b89db 
CMakeFiles/cmTC_b89db.dir/CheckSymbolExists.c.o：在函数‘main’中：
CheckSymbolExists.c:(.text+0x1b)：对‘pthread_create’未定义的引用
collect2: error: ld returned 1 exit status
CMakeFiles/cmTC_b89db.dir/build.make:97: recipe for target 'cmTC_b89db' failed
make[1]: *** [cmTC_b89db] Error 1
make[1]: 离开目录“/project/uv/myPcl/CMakeFiles/CMakeTmp”
Makefile:126: recipe for target 'cmTC_b89db/fast' failed
make: *** [cmTC_b89db/fast] Error 2

File /project/uv/myPcl/CMakeFiles/CMakeTmp/CheckSymbolExists.c:
/* */
#include <pthread.h>

int main(int argc, char** argv)
{
  (void)argv;
#ifndef pthread_create
  return ((int*)(&pthread_create))[argc];
#else
  (void)argc;
  return 0;
#endif
}

Determining if the function pthread_create exists in the pthreads failed with the following output:
Change Dir: /project/uv/myPcl/CMakeFiles/CMakeTmp

Run Build Command:"/usr/bin/make" "cmTC_dc203/fast"
/usr/bin/make -f CMakeFiles/cmTC_dc203.dir/build.make CMakeFiles/cmTC_dc203.dir/build
make[1]: 进入目录“/project/uv/myPcl/CMakeFiles/CMakeTmp”
Building C object CMakeFiles/cmTC_dc203.dir/CheckFunctionExists.c.o
/usr/bin/cc   -DCHECK_FUNCTION_EXISTS=pthread_create   -o CMakeFiles/cmTC_dc203.dir/CheckFunctionExists.c.o   -c /usr/share/cmake-3.10/Modules/CheckFunctionExists.c
Linking C executable cmTC_dc203
/usr/bin/cmake -E cmake_link_script CMakeFiles/cmTC_dc203.dir/link.txt --verbose=1
/usr/bin/cc  -DCHECK_FUNCTION_EXISTS=pthread_create    -rdynamic CMakeFiles/cmTC_dc203.dir/CheckFunctionExists.c.o  -o cmTC_dc203 -lpthreads 
/usr/bin/ld: 找不到 -lpthreads
collect2: error: ld returned 1 exit status
CMakeFiles/cmTC_dc203.dir/build.make:97: recipe for target 'cmTC_dc203' failed
make[1]: *** [cmTC_dc203] Error 1
make[1]: 离开目录“/project/uv/myPcl/CMakeFiles/CMakeTmp”
Makefile:126: recipe for target 'cmTC_dc203/fast' failed
make: *** [cmTC_dc203/fast] Error 2


